[23-Mar-2020 09:53:47 UTC] PHP Fatal error:  Uncaught Error: Call to undefined function the_exerpt() in /home/matt/Local Sites/fictional-university/app/public/wp-content/themes/fictional-university-theme/index.php:29
Stack trace:
#0 /home/matt/Local Sites/fictional-university/app/public/wp-includes/template-loader.php(98): include()
#1 /home/matt/Local Sites/fictional-university/app/public/wp-blog-header.php(19): require_once('/home/matt/Loca...')
#2 /home/matt/Local Sites/fictional-university/app/public/index.php(17): require('/home/matt/Loca...')
#3 {main}
  thrown in /home/matt/Local Sites/fictional-university/app/public/wp-content/themes/fictional-university-theme/index.php on line 29
[23-Mar-2020 10:00:32 UTC] PHP Parse error:  syntax error, unexpected '.20' (T_DNUMBER) in /home/matt/Local Sites/fictional-university/app/public/wp-content/themes/fictional-university-theme/index.php on line 25
[23-Mar-2020 10:01:23 UTC] PHP Parse error:  syntax error, unexpected '.20' (T_DNUMBER) in /home/matt/Local Sites/fictional-university/app/public/wp-content/themes/fictional-university-theme/index.php on line 25
[23-Mar-2020 10:01:25 UTC] PHP Parse error:  syntax error, unexpected '.20' (T_DNUMBER) in /home/matt/Local Sites/fictional-university/app/public/wp-content/themes/fictional-university-theme/index.php on line 25
[23-Mar-2020 10:01:30 UTC] PHP Warning:  Use of undefined constant News - assumed 'News' (this will throw an Error in a future version of PHP) in /home/matt/Local Sites/fictional-university/app/public/wp-content/themes/fictional-university-theme/index.php on line 25
[23-Mar-2020 10:01:30 UTC] PHP Stack trace:
[23-Mar-2020 10:01:30 UTC] PHP   1. {main}() /home/matt/Local Sites/fictional-university/app/public/index.php:0
[23-Mar-2020 10:01:30 UTC] PHP   2. require() /home/matt/Local Sites/fictional-university/app/public/index.php:17
[23-Mar-2020 10:01:30 UTC] PHP   3. require_once() /home/matt/Local Sites/fictional-university/app/public/wp-blog-header.php:19
[23-Mar-2020 10:01:30 UTC] PHP   4. include() /home/matt/Local Sites/fictional-university/app/public/wp-includes/template-loader.php:98
[23-Mar-2020 10:02:54 UTC] PHP Warning:  Use of undefined constant News - assumed 'News' (this will throw an Error in a future version of PHP) in /home/matt/Local Sites/fictional-university/app/public/wp-content/themes/fictional-university-theme/index.php on line 25
[23-Mar-2020 10:02:54 UTC] PHP Stack trace:
[23-Mar-2020 10:02:54 UTC] PHP   1. {main}() /home/matt/Local Sites/fictional-university/app/public/index.php:0
[23-Mar-2020 10:02:54 UTC] PHP   2. require() /home/matt/Local Sites/fictional-university/app/public/index.php:17
[23-Mar-2020 10:02:54 UTC] PHP   3. require_once() /home/matt/Local Sites/fictional-university/app/public/wp-blog-header.php:19
[23-Mar-2020 10:02:54 UTC] PHP   4. include() /home/matt/Local Sites/fictional-university/app/public/wp-includes/template-loader.php:98
[23-Mar-2020 10:06:44 UTC] PHP Warning:  Use of undefined constant News - assumed 'News' (this will throw an Error in a future version of PHP) in /home/matt/Local Sites/fictional-university/app/public/wp-content/themes/fictional-university-theme/index.php on line 25
[23-Mar-2020 10:06:44 UTC] PHP Stack trace:
[23-Mar-2020 10:06:44 UTC] PHP   1. {main}() /home/matt/Local Sites/fictional-university/app/public/index.php:0
[23-Mar-2020 10:06:44 UTC] PHP   2. require() /home/matt/Local Sites/fictional-university/app/public/index.php:17
[23-Mar-2020 10:06:44 UTC] PHP   3. require_once() /home/matt/Local Sites/fictional-university/app/public/wp-blog-header.php:19
[23-Mar-2020 10:06:44 UTC] PHP   4. include() /home/matt/Local Sites/fictional-university/app/public/wp-includes/template-loader.php:98
[23-Mar-2020 12:28:24 UTC] PHP Parse error:  syntax error, unexpected '}', expecting ',' or ';' in /home/matt/Local Sites/fictional-university/app/public/wp-content/themes/fictional-university-theme/header.php on line 23
[23-Mar-2020 12:28:44 UTC] PHP Parse error:  syntax error, unexpected '}', expecting ',' or ';' in /home/matt/Local Sites/fictional-university/app/public/wp-content/themes/fictional-university-theme/header.php on line 23
[23-Mar-2020 12:28:46 UTC] PHP Parse error:  syntax error, unexpected '}', expecting ',' or ';' in /home/matt/Local Sites/fictional-university/app/public/wp-content/themes/fictional-university-theme/header.php on line 23
[24-Mar-2020 10:55:10 UTC] PHP Fatal error:  Can't use function return value in write context in /home/matt/Local Sites/fictional-university/app/public/wp-content/themes/fictional-university-theme/header.php on line 19
[24-Mar-2020 10:55:10 UTC] PHP Stack trace:
[24-Mar-2020 10:55:10 UTC] PHP   1. {main}() /home/matt/Local Sites/fictional-university/app/public/index.php:0
[24-Mar-2020 10:55:10 UTC] PHP   2. require() /home/matt/Local Sites/fictional-university/app/public/index.php:17
[24-Mar-2020 10:55:10 UTC] PHP   3. require_once() /home/matt/Local Sites/fictional-university/app/public/wp-blog-header.php:19
[24-Mar-2020 10:55:10 UTC] PHP   4. include() /home/matt/Local Sites/fictional-university/app/public/wp-includes/template-loader.php:98
[24-Mar-2020 10:55:10 UTC] PHP   5. get_header() /home/matt/Local Sites/fictional-university/app/public/wp-content/themes/fictional-university-theme/front-page.php:1
[24-Mar-2020 10:55:10 UTC] PHP   6. locate_template() /home/matt/Local Sites/fictional-university/app/public/wp-includes/general-template.php:41
[24-Mar-2020 10:55:10 UTC] PHP   7. load_template() /home/matt/Local Sites/fictional-university/app/public/wp-includes/template.php:671
[24-Mar-2020 10:55:18 UTC] PHP Fatal error:  Can't use function return value in write context in /home/matt/Local Sites/fictional-university/app/public/wp-content/themes/fictional-university-theme/header.php on line 19
[24-Mar-2020 10:55:18 UTC] PHP Stack trace:
[24-Mar-2020 10:55:18 UTC] PHP   1. {main}() /home/matt/Local Sites/fictional-university/app/public/index.php:0
[24-Mar-2020 10:55:18 UTC] PHP   2. require() /home/matt/Local Sites/fictional-university/app/public/index.php:17
[24-Mar-2020 10:55:18 UTC] PHP   3. require_once() /home/matt/Local Sites/fictional-university/app/public/wp-blog-header.php:19
[24-Mar-2020 10:55:18 UTC] PHP   4. include() /home/matt/Local Sites/fictional-university/app/public/wp-includes/template-loader.php:98
[24-Mar-2020 10:55:18 UTC] PHP   5. get_header() /home/matt/Local Sites/fictional-university/app/public/wp-content/themes/fictional-university-theme/front-page.php:1
[24-Mar-2020 10:55:18 UTC] PHP   6. locate_template() /home/matt/Local Sites/fictional-university/app/public/wp-includes/general-template.php:41
[24-Mar-2020 10:55:18 UTC] PHP   7. load_template() /home/matt/Local Sites/fictional-university/app/public/wp-includes/template.php:671
[24-Mar-2020 10:56:50 UTC] PHP Fatal error:  Can't use function return value in write context in /home/matt/Local Sites/fictional-university/app/public/wp-content/themes/fictional-university-theme/header.php on line 19
[24-Mar-2020 10:56:50 UTC] PHP Stack trace:
[24-Mar-2020 10:56:50 UTC] PHP   1. {main}() /home/matt/Local Sites/fictional-university/app/public/index.php:0
[24-Mar-2020 10:56:50 UTC] PHP   2. require() /home/matt/Local Sites/fictional-university/app/public/index.php:17
[24-Mar-2020 10:56:50 UTC] PHP   3. require_once() /home/matt/Local Sites/fictional-university/app/public/wp-blog-header.php:19
[24-Mar-2020 10:56:50 UTC] PHP   4. include() /home/matt/Local Sites/fictional-university/app/public/wp-includes/template-loader.php:98
[24-Mar-2020 10:56:50 UTC] PHP   5. get_header() /home/matt/Local Sites/fictional-university/app/public/wp-content/themes/fictional-university-theme/front-page.php:1
[24-Mar-2020 10:56:50 UTC] PHP   6. locate_template() /home/matt/Local Sites/fictional-university/app/public/wp-includes/general-template.php:41
[24-Mar-2020 10:56:50 UTC] PHP   7. load_template() /home/matt/Local Sites/fictional-university/app/public/wp-includes/template.php:671
[24-Mar-2020 10:58:07 UTC] PHP Fatal error:  Can't use function return value in write context in /home/matt/Local Sites/fictional-university/app/public/wp-content/themes/fictional-university-theme/header.php on line 19
[24-Mar-2020 10:58:07 UTC] PHP Stack trace:
[24-Mar-2020 10:58:07 UTC] PHP   1. {main}() /home/matt/Local Sites/fictional-university/app/public/index.php:0
[24-Mar-2020 10:58:07 UTC] PHP   2. require() /home/matt/Local Sites/fictional-university/app/public/index.php:17
[24-Mar-2020 10:58:07 UTC] PHP   3. require_once() /home/matt/Local Sites/fictional-university/app/public/wp-blog-header.php:19
[24-Mar-2020 10:58:07 UTC] PHP   4. include() /home/matt/Local Sites/fictional-university/app/public/wp-includes/template-loader.php:98
[24-Mar-2020 10:58:07 UTC] PHP   5. get_header() /home/matt/Local Sites/fictional-university/app/public/wp-content/themes/fictional-university-theme/front-page.php:1
[24-Mar-2020 10:58:07 UTC] PHP   6. locate_template() /home/matt/Local Sites/fictional-university/app/public/wp-includes/general-template.php:41
[24-Mar-2020 10:58:07 UTC] PHP   7. load_template() /home/matt/Local Sites/fictional-university/app/public/wp-includes/template.php:671
[24-Mar-2020 10:58:08 UTC] PHP Fatal error:  Can't use function return value in write context in /home/matt/Local Sites/fictional-university/app/public/wp-content/themes/fictional-university-theme/header.php on line 19
[24-Mar-2020 10:58:08 UTC] PHP Stack trace:
[24-Mar-2020 10:58:08 UTC] PHP   1. {main}() /home/matt/Local Sites/fictional-university/app/public/index.php:0
[24-Mar-2020 10:58:08 UTC] PHP   2. require() /home/matt/Local Sites/fictional-university/app/public/index.php:17
[24-Mar-2020 10:58:08 UTC] PHP   3. require_once() /home/matt/Local Sites/fictional-university/app/public/wp-blog-header.php:19
[24-Mar-2020 10:58:08 UTC] PHP   4. include() /home/matt/Local Sites/fictional-university/app/public/wp-includes/template-loader.php:98
[24-Mar-2020 10:58:08 UTC] PHP   5. get_header() /home/matt/Local Sites/fictional-university/app/public/wp-content/themes/fictional-university-theme/front-page.php:1
[24-Mar-2020 10:58:08 UTC] PHP   6. locate_template() /home/matt/Local Sites/fictional-university/app/public/wp-includes/general-template.php:41
[24-Mar-2020 10:58:08 UTC] PHP   7. load_template() /home/matt/Local Sites/fictional-university/app/public/wp-includes/template.php:671
[24-Mar-2020 10:58:09 UTC] PHP Fatal error:  Can't use function return value in write context in /home/matt/Local Sites/fictional-university/app/public/wp-content/themes/fictional-university-theme/header.php on line 19
[24-Mar-2020 10:58:09 UTC] PHP Stack trace:
[24-Mar-2020 10:58:09 UTC] PHP   1. {main}() /home/matt/Local Sites/fictional-university/app/public/index.php:0
[24-Mar-2020 10:58:09 UTC] PHP   2. require() /home/matt/Local Sites/fictional-university/app/public/index.php:17
[24-Mar-2020 10:58:09 UTC] PHP   3. require_once() /home/matt/Local Sites/fictional-university/app/public/wp-blog-header.php:19
[24-Mar-2020 10:58:09 UTC] PHP   4. include() /home/matt/Local Sites/fictional-university/app/public/wp-includes/template-loader.php:98
[24-Mar-2020 10:58:09 UTC] PHP   5. get_header() /home/matt/Local Sites/fictional-university/app/public/wp-content/themes/fictional-university-theme/front-page.php:1
[24-Mar-2020 10:58:09 UTC] PHP   6. locate_template() /home/matt/Local Sites/fictional-university/app/public/wp-includes/general-template.php:41
[24-Mar-2020 10:58:09 UTC] PHP   7. load_template() /home/matt/Local Sites/fictional-university/app/public/wp-includes/template.php:671
[24-Mar-2020 13:23:22 UTC] PHP Fatal error:  Uncaught Error: Call to undefined function DateTime() in /home/matt/Local Sites/fictional-university/app/public/wp-content/themes/fictional-university-theme/front-page.php:29
Stack trace:
#0 /home/matt/Local Sites/fictional-university/app/public/wp-includes/template-loader.php(98): include()
#1 /home/matt/Local Sites/fictional-university/app/public/wp-blog-header.php(19): require_once('/home/matt/Loca...')
#2 /home/matt/Local Sites/fictional-university/app/public/index.php(17): require('/home/matt/Loca...')
#3 {main}
  thrown in /home/matt/Local Sites/fictional-university/app/public/wp-content/themes/fictional-university-theme/front-page.php on line 29
[24-Mar-2020 13:23:32 UTC] PHP Fatal error:  Uncaught Error: Call to undefined function DateTime() in /home/matt/Local Sites/fictional-university/app/public/wp-content/themes/fictional-university-theme/front-page.php:29
Stack trace:
#0 /home/matt/Local Sites/fictional-university/app/public/wp-includes/template-loader.php(98): include()
#1 /home/matt/Local Sites/fictional-university/app/public/wp-blog-header.php(19): require_once('/home/matt/Loca...')
#2 /home/matt/Local Sites/fictional-university/app/public/index.php(17): require('/home/matt/Loca...')
#3 {main}
  thrown in /home/matt/Local Sites/fictional-university/app/public/wp-content/themes/fictional-university-theme/front-page.php on line 29
[24-Mar-2020 13:23:33 UTC] PHP Fatal error:  Uncaught Error: Call to undefined function DateTime() in /home/matt/Local Sites/fictional-university/app/public/wp-content/themes/fictional-university-theme/front-page.php:29
Stack trace:
#0 /home/matt/Local Sites/fictional-university/app/public/wp-includes/template-loader.php(98): include()
#1 /home/matt/Local Sites/fictional-university/app/public/wp-blog-header.php(19): require_once('/home/matt/Loca...')
#2 /home/matt/Local Sites/fictional-university/app/public/index.php(17): require('/home/matt/Loca...')
#3 {main}
  thrown in /home/matt/Local Sites/fictional-university/app/public/wp-content/themes/fictional-university-theme/front-page.php on line 29
[24-Mar-2020 13:24:06 UTC] PHP Fatal error:  Uncaught Error: Call to undefined function DateTime() in /home/matt/Local Sites/fictional-university/app/public/wp-content/themes/fictional-university-theme/front-page.php:29
Stack trace:
#0 /home/matt/Local Sites/fictional-university/app/public/wp-includes/template-loader.php(98): include()
#1 /home/matt/Local Sites/fictional-university/app/public/wp-blog-header.php(19): require_once('/home/matt/Loca...')
#2 /home/matt/Local Sites/fictional-university/app/public/index.php(17): require('/home/matt/Loca...')
#3 {main}
  thrown in /home/matt/Local Sites/fictional-university/app/public/wp-content/themes/fictional-university-theme/front-page.php on line 29
