[23-Mar-2020 04:56:35] NOTICE: fpm is running, pid 2883
[23-Mar-2020 04:56:35] NOTICE: ready to handle connections
[23-Mar-2020 20:45:28] NOTICE: Terminating ...
[23-Mar-2020 20:45:28] NOTICE: exiting, bye-bye!
[24-Mar-2020 05:01:37] NOTICE: fpm is running, pid 5428
[24-Mar-2020 05:01:37] NOTICE: ready to handle connections
[24-Mar-2020 19:01:44] ERROR: Another FPM instance seems to already listen on /home/matt/.config/Local/run/Oq0cQXYMq/php/php-fpm.socket
[24-Mar-2020 19:01:44] ERROR: FPM initialization failed
[24-Mar-2020 19:01:45] ERROR: Another FPM instance seems to already listen on /home/matt/.config/Local/run/Oq0cQXYMq/php/php-fpm.socket
[24-Mar-2020 19:01:45] ERROR: FPM initialization failed
[24-Mar-2020 19:01:45] ERROR: Another FPM instance seems to already listen on /home/matt/.config/Local/run/Oq0cQXYMq/php/php-fpm.socket
[24-Mar-2020 19:01:45] ERROR: FPM initialization failed
[24-Mar-2020 19:01:46] ERROR: Another FPM instance seems to already listen on /home/matt/.config/Local/run/Oq0cQXYMq/php/php-fpm.socket
[24-Mar-2020 19:01:46] ERROR: FPM initialization failed
[24-Mar-2020 21:19:58] NOTICE: Terminating ...
[24-Mar-2020 21:19:58] NOTICE: exiting, bye-bye!
[25-Mar-2020 07:28:26] NOTICE: fpm is running, pid 34418
[25-Mar-2020 07:28:26] NOTICE: ready to handle connections
[25-Mar-2020 15:55:21] ERROR: Another FPM instance seems to already listen on /home/matt/.config/Local/run/Oq0cQXYMq/php/php-fpm.socket
[25-Mar-2020 15:55:21] ERROR: FPM initialization failed
[25-Mar-2020 15:55:22] ERROR: Another FPM instance seems to already listen on /home/matt/.config/Local/run/Oq0cQXYMq/php/php-fpm.socket
[25-Mar-2020 15:55:22] ERROR: FPM initialization failed
[25-Mar-2020 15:55:22] ERROR: Another FPM instance seems to already listen on /home/matt/.config/Local/run/Oq0cQXYMq/php/php-fpm.socket
[25-Mar-2020 15:55:22] ERROR: FPM initialization failed
[25-Mar-2020 15:55:23] ERROR: Another FPM instance seems to already listen on /home/matt/.config/Local/run/Oq0cQXYMq/php/php-fpm.socket
[25-Mar-2020 15:55:23] ERROR: FPM initialization failed
